Using pre-set license

 COMMAND LINE ARGUMENTS:
/Applications/2020.3.3f1c1/Unity.app/Contents/MacOS/Unity
-adb2
-batchMode
-noUpm
-name
AssetImportWorker0
-projectPath
/Users/haiqiao/UnitySpace/HistorySRPG/HistorySRPG
-logFile
Logs/AssetImportWorker0.log
-srvPort
57181
Successfully changed project path to: /Users/haiqiao/UnitySpace/HistorySRPG/HistorySRPG
/Users/haiqiao/UnitySpace/HistorySRPG/HistorySRPG
Using Asset Import Pipeline V2.
Refreshing native plugins compatible for Editor in 31.50 ms, found 2 plugins.
Preloading 0 native plugins for Editor in 0.00 ms.
Initialize engine version: 2020.3.3f1c1 (a34b99c2c582)
[Subsystems] Discovering subsystems at path /Applications/2020.3.3f1c1/Unity.app/Contents/Resources/UnitySubsystems
[Subsystems] Discovering subsystems at path /Users/haiqiao/UnitySpace/HistorySRPG/HistorySRPG/Assets
GfxDevice: creating device client; threaded=0
2021-08-09 15:23:01.600 Unity[2951:136484] Color LCD preferred device: AMD Radeon Pro 5500M (high power)
2021-08-09 15:23:01.600 Unity[2951:136484] Metal devices available: 2
2021-08-09 15:23:01.600 Unity[2951:136484] 0: AMD Radeon Pro 5500M (high power)
2021-08-09 15:23:01.600 Unity[2951:136484] 1: Intel(R) UHD Graphics 630 (low power)
2021-08-09 15:23:01.600 Unity[2951:136484] Using device AMD Radeon Pro 5500M (high power)
Initializing Metal device caps: AMD Radeon Pro 5500M
Initialize mono
Mono path[0] = '/Applications/2020.3.3f1c1/Unity.app/Contents/Managed'
Mono path[1] = '/Applications/2020.3.3f1c1/Unity.app/Contents/MonoBleedingEdge/lib/mono/unityjit'
Mono config path = '/Applications/2020.3.3f1c1/Unity.app/Contents/MonoBleedingEdge/etc'
Using monoOptions --debugger-agent=transport=dt_socket,embedding=1,server=y,suspend=n,address=127.0.0.1:56951
Begin MonoManager ReloadAssembly
Registering precompiled unity dll's ...
Register platform support module: /Applications/2020.3.3f1c1/Unity.app/Contents/PlaybackEngines/MacStandaloneSupport/UnityEditor.OSXStandalone.Extensions.dll
Register platform support module: /Applications/2020.3.3f1c1/PlaybackEngines/WindowsStandaloneSupport/UnityEditor.WindowsStandalone.Extensions.dll
Registered in 0.000553 seconds.
Native extension for WindowsStandalone target not found
Native extension for OSXStandalone target not found
Refreshing native plugins compatible for Editor in 31.01 ms, found 2 plugins.
Preloading 0 native plugins for Editor in 0.00 ms.
Invoked RoslynAnalysisRunner static constructor.
RoslynAnalysisRunner will not be running.
RoslynAnalysisRunner has terminated.
Mono: successfully reloaded assembly
- Completed reload, in  2.036 seconds
Platform modules already initialized, skipping
Registering precompiled user dll's ...
Registered in 0.000389 seconds.
Begin MonoManager ReloadAssembly
Native extension for WindowsStandalone target not found
Native extension for OSXStandalone target not found
Refreshing native plugins compatible for Editor in 28.82 ms, found 2 plugins.
Preloading 0 native plugins for Editor in 0.00 ms.
Invoked RoslynAnalysisRunner static constructor.
RoslynAnalysisRunner will not be running.
RoslynAnalysisRunner has terminated.
Mono: successfully reloaded assembly
- Completed reload, in  1.017 seconds
Platform modules already initialized, skipping
========================================================================
Worker process is ready to serve import requests
Launching external process: /Applications/2020.3.3f1c1/Unity.app/Contents/Tools/UnityShaderCompiler
Launched and connected shader compiler UnityShaderCompiler after 0.01 seconds
Refreshing native plugins compatible for Editor in 0.33 ms, found 2 plugins.
Preloading 0 native plugins for Editor in 0.00 ms.
Unloading 1808 Unused Serialized files (Serialized files now loaded: 0)
System memory in use before: 151.5 MB.
System memory in use after: 151.4 MB.

Unloading 24 unused Assets to reduce memory usage. Loaded Objects now: 2250.
Total: 2.360461 ms (FindLiveObjects: 0.238222 ms CreateObjectMapping: 0.101445 ms MarkObjects: 1.896834 ms  DeleteObjects: 0.122920 ms)

========================================================================
Received Import Request.
  path: Assets/Scenes
  artifactKey: Guid(ccf8dcfef2c824c939206f0b61ac1846) Importer(815301076,1909f56bfc062723c751e8b465ee728b)
Start importing Assets/Scenes using Guid(ccf8dcfef2c824c939206f0b61ac1846) Importer(815301076,1909f56bfc062723c751e8b465ee728b)  -> (artifact id: '11bb0b5b83525903d4f161d73dc7a577') in 0.003262 seconds
  Import took 0.006033 seconds .

========================================================================
Received Import Request.
  Time since last request: 60.394340 seconds.
  path: Assets/ART
  artifactKey: Guid(92242d70574c647618c9e1ab9d9675f4) Importer(815301076,1909f56bfc062723c751e8b465ee728b)
Start importing Assets/ART using Guid(92242d70574c647618c9e1ab9d9675f4) Importer(815301076,1909f56bfc062723c751e8b465ee728b)  -> (artifact id: '08342e26e5c221b751fa29f359dcd530') in 0.001200 seconds
  Import took 0.003629 seconds .

========================================================================
Received Import Request.
  Time since last request: 5.941490 seconds.
  path: Assets/A
  artifactKey: Guid(92242d70574c647618c9e1ab9d9675f4) Importer(815301076,1909f56bfc062723c751e8b465ee728b)
Start importing Assets/A using Guid(92242d70574c647618c9e1ab9d9675f4) Importer(815301076,1909f56bfc062723c751e8b465ee728b)  -> (artifact id: '614888e5890aaeb96b41b9f7ed96ccce') in 0.000784 seconds
  Import took 0.003715 seconds .

========================================================================
Received Import Request.
  Time since last request: 9.597998 seconds.
  path: Assets/Art
  artifactKey: Guid(92242d70574c647618c9e1ab9d9675f4) Importer(815301076,1909f56bfc062723c751e8b465ee728b)
Start importing Assets/Art using Guid(92242d70574c647618c9e1ab9d9675f4) Importer(815301076,1909f56bfc062723c751e8b465ee728b)  -> (artifact id: 'b39c9f51a409f688f7700b877cf28921') in 0.000715 seconds
  Import took 0.003387 seconds .

========================================================================
Received Import Request.
  Time since last request: 211.117701 seconds.
  path: Assets/Plugins
  artifactKey: Guid(f4993af1315464b6bb30593c5ee64efb) Importer(815301076,1909f56bfc062723c751e8b465ee728b)
Start importing Assets/Plugins using Guid(f4993af1315464b6bb30593c5ee64efb) Importer(815301076,1909f56bfc062723c751e8b465ee728b)  -> (artifact id: '50dae9ed14ef80d9c7b7f2e228b177b2') in 0.001279 seconds
  Import took 0.003991 seconds .

========================================================================
Received Import Request.
  Time since last request: 24.641096 seconds.
  path: Assets/Resources
  artifactKey: Guid(edf7dd0b731cc4611a6481d9de0762ee) Importer(815301076,1909f56bfc062723c751e8b465ee728b)
Start importing Assets/Resources using Guid(edf7dd0b731cc4611a6481d9de0762ee) Importer(815301076,1909f56bfc062723c751e8b465ee728b)  -> (artifact id: 'aae2ea337a13531f2bcfad64cc890d61') in 0.001335 seconds
  Import took 0.004196 seconds .

========================================================================
Received Import Request.
  Time since last request: 13.349840 seconds.
  path: Assets/Resources/Sprites
  artifactKey: Guid(ba10eb469df9047ce8ff9abe5d136834) Importer(815301076,1909f56bfc062723c751e8b465ee728b)
Start importing Assets/Resources/Sprites using Guid(ba10eb469df9047ce8ff9abe5d136834) Importer(815301076,1909f56bfc062723c751e8b465ee728b)  -> (artifact id: '9ffc04613bb5c1b1b47cdd827b6660c5') in 0.001274 seconds
  Import took 0.004912 seconds .

========================================================================
Received Import Request.
  Time since last request: 14.542988 seconds.
  path: Assets/Resources/Sprites/Map
  artifactKey: Guid(8d6195cb634c94a4c97b3039fd8f9c63) Importer(815301076,1909f56bfc062723c751e8b465ee728b)
Start importing Assets/Resources/Sprites/Map using Guid(8d6195cb634c94a4c97b3039fd8f9c63) Importer(815301076,1909f56bfc062723c751e8b465ee728b)  -> (artifact id: '50d9873a2a7a73a69ade875f4c5c6489') in 0.001166 seconds
  Import took 0.003937 seconds .

========================================================================
Received Import Request.
  Time since last request: 167.522292 seconds.
  path: Assets/Scenes/SampleScene.unity
  artifactKey: Guid(2cda990e2423bbf4892e6590ba056729) Importer(815301076,1909f56bfc062723c751e8b465ee728b)
Start importing Assets/Scenes/SampleScene.unity using Guid(2cda990e2423bbf4892e6590ba056729) Importer(815301076,1909f56bfc062723c751e8b465ee728b)  -> (artifact id: 'acf229efb9b294ab95cf44492249adb4') in 0.008824 seconds
  Import took 0.011492 seconds .

========================================================================
Received Import Request.
  Time since last request: 8.317232 seconds.
  path: Assets/Scenes/aRT
  artifactKey: Guid(45e5693b6ad26468bbaff417be555ad7) Importer(815301076,1909f56bfc062723c751e8b465ee728b)
Start importing Assets/Scenes/aRT using Guid(45e5693b6ad26468bbaff417be555ad7) Importer(815301076,1909f56bfc062723c751e8b465ee728b)  -> (artifact id: 'f49297d96086e00774acd0271819a235') in 0.001276 seconds
  Import took 0.004110 seconds .

========================================================================
Received Import Request.
  Time since last request: 8.804213 seconds.
  path: Assets/Scenes/Art
  artifactKey: Guid(45e5693b6ad26468bbaff417be555ad7) Importer(815301076,1909f56bfc062723c751e8b465ee728b)
Start importing Assets/Scenes/Art using Guid(45e5693b6ad26468bbaff417be555ad7) Importer(815301076,1909f56bfc062723c751e8b465ee728b)  -> (artifact id: 'e8063d2a6bbe1c914dc8e93ad06296ad') in 0.000936 seconds
  Import took 0.003948 seconds .

========================================================================
Received Import Request.
  Time since last request: 64.492565 seconds.
  path: Assets/Scenes/BattleMapEditor.unity
  artifactKey: Guid(a65a91152a85e4a0ca481d46144d5be5) Importer(815301076,1909f56bfc062723c751e8b465ee728b)
Start importing Assets/Scenes/BattleMapEditor.unity using Guid(a65a91152a85e4a0ca481d46144d5be5) Importer(815301076,1909f56bfc062723c751e8b465ee728b)  -> (artifact id: 'f6ecb268ba42cddce1146a8300977576') in 0.001773 seconds
  Import took 0.004557 seconds .

========================================================================
Received Import Request.
  Time since last request: 40.417697 seconds.
  path: Assets/Scenes/Art.unity
  artifactKey: Guid(a77f4dc2e66d245299bed54d616ae2d7) Importer(815301076,1909f56bfc062723c751e8b465ee728b)
Start importing Assets/Scenes/Art.unity using Guid(a77f4dc2e66d245299bed54d616ae2d7) Importer(815301076,1909f56bfc062723c751e8b465ee728b)  -> (artifact id: '845c09339350c1dd0280a239893472f0') in 0.002129 seconds
  Import took 0.004975 seconds .

